Using pre-set license
Built from '2020.2/release' branch; Version is '2020.2.2f1 (068178b99f32) revision 426360'; Using compiler version '192528614'; Build Type 'Release'
OS: 'Windows 10 Enterprise; OS build 18363.1500; Version 1909; 64bit' Language: 'en' Physical Memory: 32601 MB
BatchMode: 1, IsHumanControllingUs: 0, StartBugReporterOnCrash: 0, Is64bit: 1, IsPro: 0

 COMMAND LINE ARGUMENTS:
C:\Program Files\Unity\Editor\Unity.exe
-adb2
-batchMode
-noUpm
-name
AssetImportWorker0
-projectPath
C:/Users/guy.twemlow/Documents/GitHub/VirtualReality
-logFile
Logs/AssetImportWorker0.log
-srvPort
59803
Successfully changed project path to: C:/Users/guy.twemlow/Documents/GitHub/VirtualReality
C:/Users/guy.twemlow/Documents/GitHub/VirtualReality
Using Asset Import Pipeline V2.
Refreshing native plugins compatible for Editor in 31.56 ms, found 3 plugins.
Preloading 0 native plugins for Editor in 0.00 ms.
Initialize engine version: 2020.2.2f1 (068178b99f32)
[Subsystems] Discovering subsystems at path C:/Program Files/Unity/Editor/Data/Resources/UnitySubsystems
[Subsystems] Discovering subsystems at path C:/Users/guy.twemlow/Documents/GitHub/VirtualReality/Assets
GfxDevice: creating device client; threaded=0
Direct3D:
    Version:  Direct3D 11.0 [level 11.1]
    Renderer: NVIDIA GeForce RTX 2060 (ID=0x1f08)
    Vendor:   
    VRAM:     5980 MB
    Driver:   27.21.14.6192
Initialize mono
Mono path[0] = 'C:/Program Files/Unity/Editor/Data/Managed'
Mono path[1] = 'C:/Program Files/Unity/Editor/Data/MonoBleedingEdge/lib/mono/unityjit'
Mono config path = 'C:/Program Files/Unity/Editor/Data/MonoBleedingEdge/etc'
Using monoOptions --debugger-agent=transport=dt_socket,embedding=1,server=y,suspend=n,address=127.0.0.1:56868
Begin MonoManager ReloadAssembly
Registering precompiled unity dll's ...
Register platform support module: C:/Program Files/Unity/Editor/Data/PlaybackEngines/WindowsStandaloneSupport/UnityEditor.WindowsStandalone.Extensions.dll
Registered in 0.001021 seconds.
Native extension for WindowsStandalone target not found
Refreshing native plugins compatible for Editor in 29.54 ms, found 3 plugins.
Preloading 0 native plugins for Editor in 0.00 ms.
Invoked RoslynAnalysisRunner static constructor.
RoslynAnalysisRunner will not be running.
RoslynAnalysisRunner has terminated.
Mono: successfully reloaded assembly
- Completed reload, in  0.748 seconds
Platform modules already initialized, skipping
Registering precompiled user dll's ...
Registered in 0.001562 seconds.
Begin MonoManager ReloadAssembly
Native extension for WindowsStandalone target not found
Refreshing native plugins compatible for Editor in 0.38 ms, found 3 plugins.
Preloading 0 native plugins for Editor in 0.00 ms.
Invoked RoslynAnalysisRunner static constructor.
RoslynAnalysisRunner will not be running.
RoslynAnalysisRunner has terminated.
Mono: successfully reloaded assembly
- Completed reload, in  0.767 seconds
Platform modules already initialized, skipping
========================================================================
Worker process is ready to serve import requests
Launched and connected shader compiler UnityShaderCompiler.exe after 0.04 seconds
Refreshing native plugins compatible for Editor in 0.48 ms, found 3 plugins.
Preloading 0 native plugins for Editor in 0.00 ms.
Unloading 1790 Unused Serialized files (Serialized files now loaded: 0)
System memory in use before: 84.9 MB.
System memory in use after: 84.9 MB.

Unloading 80 unused Assets to reduce memory usage. Loaded Objects now: 2225.
Total: 2.027700 ms (FindLiveObjects: 0.237000 ms CreateObjectMapping: 0.075700 ms MarkObjects: 1.570700 ms  DeleteObjects: 0.143400 ms)

========================================================================
Received Import Request.
  path: Assets/VirtualReality
  artifactKey: Guid(4612dce59d6293e44938968447178934) Importer(815301076,1909f56bfc062723c751e8b465ee728b)
Start importing Assets/VirtualReality using Guid(4612dce59d6293e44938968447178934) Importer(815301076,1909f56bfc062723c751e8b465ee728b)  -> (artifact id: '419d49b367be0a59437585e6e6c5a3e5') in 0.007890 seconds
  Import took 0.010450 seconds .

========================================================================
Received Import Request.
  Time since last request: 0.000261 seconds.
  path: Assets/SteamVR
  artifactKey: Guid(0e4d59a0dec9d394d89aa67aadec59e2) Importer(815301076,1909f56bfc062723c751e8b465ee728b)
Start importing Assets/SteamVR using Guid(0e4d59a0dec9d394d89aa67aadec59e2) Importer(815301076,1909f56bfc062723c751e8b465ee728b)  -> (artifact id: '434b53dcd220829b50149dda620e433a') in 0.004630 seconds
  Import took 0.006918 seconds .

========================================================================
Received Import Request.
  Time since last request: 0.978849 seconds.
  path: Assets/VirtualReality/Scenes
  artifactKey: Guid(01482e7e2d0a7fa40890436d60abda78) Importer(815301076,1909f56bfc062723c751e8b465ee728b)
Start importing Assets/VirtualReality/Scenes using Guid(01482e7e2d0a7fa40890436d60abda78) Importer(815301076,1909f56bfc062723c751e8b465ee728b)  -> (artifact id: 'd8d9222b4f1a5675ff2a5fd21fac394c') in 0.004984 seconds
  Import took 0.007529 seconds .

========================================================================
Received Import Request.
  Time since last request: 0.609891 seconds.
  path: Assets/VirtualReality/Scenes/SampleScene.unity
  artifactKey: Guid(9fc0d4010bbf28b4594072e72b8655ab) Importer(815301076,1909f56bfc062723c751e8b465ee728b)
Start importing Assets/VirtualReality/Scenes/SampleScene.unity using Guid(9fc0d4010bbf28b4594072e72b8655ab) Importer(815301076,1909f56bfc062723c751e8b465ee728b)  -> (artifact id: '563f86da9ef371a435854b89f79194d3') in 0.006097 seconds
  Import took 0.008953 seconds .

========================================================================
Received Import Request.
  Time since last request: 80.846952 seconds.
  path: Assets/VirtualReality/Scripts
  artifactKey: Guid(95c60d63cfb72ef40a1a42660228e849) Importer(815301076,1909f56bfc062723c751e8b465ee728b)
Start importing Assets/VirtualReality/Scripts using Guid(95c60d63cfb72ef40a1a42660228e849) Importer(815301076,1909f56bfc062723c751e8b465ee728b)  -> (artifact id: '83e5377153d6f543ee1f0f1154c71a19') in 0.005185 seconds
  Import took 0.007823 seconds .

========================================================================
Received Import Request.
  Time since last request: 9.195204 seconds.
  path: Assets/VirtualReality/Scripts/Pointer.cs
  artifactKey: Guid(d618f363006ccaa4cb0ccdee9fb17e4f) Importer(815301076,1909f56bfc062723c751e8b465ee728b)
Start importing Assets/VirtualReality/Scripts/Pointer.cs using Guid(d618f363006ccaa4cb0ccdee9fb17e4f) Importer(815301076,1909f56bfc062723c751e8b465ee728b)  -> (artifact id: '8577f007649b50785620d639d6fde30c') in 0.020420 seconds
  Import took 0.022989 seconds .

========================================================================
Received Prepare
Registering precompiled user dll's ...
Registered in 0.001615 seconds.
Begin MonoManager ReloadAssembly
Native extension for WindowsStandalone target not found
Refreshing native plugins compatible for Editor in 0.38 ms, found 3 plugins.
Preloading 0 native plugins for Editor in 0.00 ms.
Warning: Annotation not found!
UnityEngine.StackTraceUtility:ExtractStackTrace ()
UnityEditor.ProBuilder.EditorUtility:SetGizmoIconEnabled (System.Type,bool) (at Library/PackageCache/com.unity.probuilder@4.4.0/Editor/EditorCore/EditorUtility.cs:593)
UnityEditor.ProBuilder.HierarchyListener:.cctor () (at Library/PackageCache/com.unity.probuilder@4.4.0/Editor/EditorCore/HierarchyListener.cs:21)
System.Runtime.CompilerServices.RuntimeHelpers:RunClassConstructor (System.RuntimeTypeHandle)
UnityEditor.EditorAssemblies:ProcessInitializeOnLoadAttributes (System.Type[])

[Library/PackageCache/com.unity.probuilder@4.4.0/Editor/EditorCore/EditorUtility.cs line 593]

Invoked RoslynAnalysisRunner static constructor.
RoslynAnalysisRunner will not be running.
RoslynAnalysisRunner has terminated.
Mono: successfully reloaded assembly
- Completed reload, in  0.680 seconds
Platform modules already initialized, skipping
Refreshing native plugins compatible for Editor in 0.38 ms, found 3 plugins.
Preloading 0 native plugins for Editor in 0.00 ms.
Unloading 1736 Unused Serialized files (Serialized files now loaded: 0)
System memory in use before: 81.9 MB.
System memory in use after: 81.9 MB.

Unloading 8 unused Assets to reduce memory usage. Loaded Objects now: 2229.
Total: 2.157800 ms (FindLiveObjects: 0.170200 ms CreateObjectMapping: 0.061500 ms MarkObjects: 1.871400 ms  DeleteObjects: 0.054200 ms)

========================================================================
Received Import Request.
  Time since last request: 69.134670 seconds.
  path: Assets/VirtualReality/Scripts/VRController.cs
  artifactKey: Guid(1a5dda86078d7474eba25629fd1f43a5) Importer(815301076,1909f56bfc062723c751e8b465ee728b)
Start importing Assets/VirtualReality/Scripts/VRController.cs using Guid(1a5dda86078d7474eba25629fd1f43a5) Importer(815301076,1909f56bfc062723c751e8b465ee728b)  -> (artifact id: '4158d24e6c17136a3d3c032de8e26134') in 0.008430 seconds
  Import took 0.011086 seconds .

========================================================================
Received Import Request.
  Time since last request: 0.014213 seconds.
  path: Assets/VirtualReality/Scripts/VRController.cs
  artifactKey: Guid(1a5dda86078d7474eba25629fd1f43a5) Importer(815301076,1909f56bfc062723c751e8b465ee728b)
Start importing Assets/VirtualReality/Scripts/VRController.cs using Guid(1a5dda86078d7474eba25629fd1f43a5) Importer(815301076,1909f56bfc062723c751e8b465ee728b)  -> (artifact id: '4158d24e6c17136a3d3c032de8e26134') in 0.001998 seconds
  Import took 0.004391 seconds .

========================================================================
Received Prepare
Registering precompiled user dll's ...
Registered in 0.001523 seconds.
Begin MonoManager ReloadAssembly
Native extension for WindowsStandalone target not found
Refreshing native plugins compatible for Editor in 0.39 ms, found 3 plugins.
Preloading 0 native plugins for Editor in 0.00 ms.
Warning: Annotation not found!
UnityEngine.StackTraceUtility:ExtractStackTrace ()
UnityEditor.ProBuilder.EditorUtility:SetGizmoIconEnabled (System.Type,bool) (at Library/PackageCache/com.unity.probuilder@4.4.0/Editor/EditorCore/EditorUtility.cs:593)
UnityEditor.ProBuilder.HierarchyListener:.cctor () (at Library/PackageCache/com.unity.probuilder@4.4.0/Editor/EditorCore/HierarchyListener.cs:21)
System.Runtime.CompilerServices.RuntimeHelpers:RunClassConstructor (System.RuntimeTypeHandle)
UnityEditor.EditorAssemblies:ProcessInitializeOnLoadAttributes (System.Type[])

[Library/PackageCache/com.unity.probuilder@4.4.0/Editor/EditorCore/EditorUtility.cs line 593]

Invoked RoslynAnalysisRunner static constructor.
RoslynAnalysisRunner will not be running.
RoslynAnalysisRunner has terminated.
Mono: successfully reloaded assembly
- Completed reload, in  0.662 seconds
Platform modules already initialized, skipping
Refreshing native plugins compatible for Editor in 0.37 ms, found 3 plugins.
Preloading 0 native plugins for Editor in 0.00 ms.
Unloading 1736 Unused Serialized files (Serialized files now loaded: 0)
System memory in use before: 82.1 MB.
System memory in use after: 82.2 MB.

Unloading 8 unused Assets to reduce memory usage. Loaded Objects now: 2232.
Total: 2.355500 ms (FindLiveObjects: 0.152500 ms CreateObjectMapping: 0.059400 ms MarkObjects: 2.089300 ms  DeleteObjects: 0.053600 ms)

========================================================================
Received Prepare
Registering precompiled user dll's ...
Registered in 0.001546 seconds.
Begin MonoManager ReloadAssembly
Native extension for WindowsStandalone target not found
Refreshing native plugins compatible for Editor in 0.39 ms, found 3 plugins.
Preloading 0 native plugins for Editor in 0.00 ms.
Warning: Annotation not found!
UnityEngine.StackTraceUtility:ExtractStackTrace ()
UnityEditor.ProBuilder.EditorUtility:SetGizmoIconEnabled (System.Type,bool) (at Library/PackageCache/com.unity.probuilder@4.4.0/Editor/EditorCore/EditorUtility.cs:593)
UnityEditor.ProBuilder.HierarchyListener:.cctor () (at Library/PackageCache/com.unity.probuilder@4.4.0/Editor/EditorCore/HierarchyListener.cs:21)
System.Runtime.CompilerServices.RuntimeHelpers:RunClassConstructor (System.RuntimeTypeHandle)
UnityEditor.EditorAssemblies:ProcessInitializeOnLoadAttributes (System.Type[])

[Library/PackageCache/com.unity.probuilder@4.4.0/Editor/EditorCore/EditorUtility.cs line 593]

Invoked RoslynAnalysisRunner static constructor.
RoslynAnalysisRunner will not be running.
RoslynAnalysisRunner has terminated.
Mono: successfully reloaded assembly
- Completed reload, in  0.657 seconds
Platform modules already initialized, skipping
Refreshing native plugins compatible for Editor in 0.38 ms, found 3 plugins.
Preloading 0 native plugins for Editor in 0.00 ms.
Unloading 1736 Unused Serialized files (Serialized files now loaded: 0)
System memory in use before: 82.4 MB.
System memory in use after: 82.5 MB.

Unloading 8 unused Assets to reduce memory usage. Loaded Objects now: 2235.
Total: 1.809700 ms (FindLiveObjects: 0.155100 ms CreateObjectMapping: 0.050600 ms MarkObjects: 1.557800 ms  DeleteObjects: 0.045600 ms)

========================================================================
Received Prepare
Registering precompiled user dll's ...
Registered in 0.001573 seconds.
Begin MonoManager ReloadAssembly
Native extension for WindowsStandalone target not found
Refreshing native plugins compatible for Editor in 0.40 ms, found 3 plugins.
Preloading 0 native plugins for Editor in 0.00 ms.
Warning: Annotation not found!
UnityEngine.StackTraceUtility:ExtractStackTrace ()
UnityEditor.ProBuilder.EditorUtility:SetGizmoIconEnabled (System.Type,bool) (at Library/PackageCache/com.unity.probuilder@4.4.0/Editor/EditorCore/EditorUtility.cs:593)
UnityEditor.ProBuilder.HierarchyListener:.cctor () (at Library/PackageCache/com.unity.probuilder@4.4.0/Editor/EditorCore/HierarchyListener.cs:21)
System.Runtime.CompilerServices.RuntimeHelpers:RunClassConstructor (System.RuntimeTypeHandle)
UnityEditor.EditorAssemblies:ProcessInitializeOnLoadAttributes (System.Type[])

[Library/PackageCache/com.unity.probuilder@4.4.0/Editor/EditorCore/EditorUtility.cs line 593]

Invoked RoslynAnalysisRunner static constructor.
RoslynAnalysisRunner will not be running.
RoslynAnalysisRunner has terminated.
Mono: successfully reloaded assembly
- Completed reload, in  0.657 seconds
Platform modules already initialized, skipping
Refreshing native plugins compatible for Editor in 0.37 ms, found 3 plugins.
Preloading 0 native plugins for Editor in 0.00 ms.
Unloading 1736 Unused Serialized files (Serialized files now loaded: 0)
System memory in use before: 82.7 MB.
System memory in use after: 82.8 MB.

Unloading 8 unused Assets to reduce memory usage. Loaded Objects now: 2238.
Total: 2.337400 ms (FindLiveObjects: 0.150300 ms CreateObjectMapping: 0.055900 ms MarkObjects: 2.084000 ms  DeleteObjects: 0.046500 ms)

========================================================================
Received Import Request.
  Time since last request: 94.472578 seconds.
  path: Assets/VirtualReality/Scripts/Pointer.cs
  artifactKey: Guid(d618f363006ccaa4cb0ccdee9fb17e4f) Importer(815301076,1909f56bfc062723c751e8b465ee728b)
Start importing Assets/VirtualReality/Scripts/Pointer.cs using Guid(d618f363006ccaa4cb0ccdee9fb17e4f) Importer(815301076,1909f56bfc062723c751e8b465ee728b)  -> (artifact id: '1c40f8c3b35e5dd95aa8405bd32e4796') in 0.003475 seconds
  Import took 0.005856 seconds .

========================================================================
Received Import Request.
  Time since last request: 81.620954 seconds.
  path: Assets/VirtualReality/Scripts/Pointer.cs
  artifactKey: Guid(d618f363006ccaa4cb0ccdee9fb17e4f) Importer(815301076,1909f56bfc062723c751e8b465ee728b)
Start importing Assets/VirtualReality/Scripts/Pointer.cs using Guid(d618f363006ccaa4cb0ccdee9fb17e4f) Importer(815301076,1909f56bfc062723c751e8b465ee728b)  -> (artifact id: '805bca91cb53da305f75619a670f75ec') in 0.001566 seconds
  Import took 0.004428 seconds .

========================================================================
Received Import Request.
  Time since last request: 21.793072 seconds.
  path: Assets/VirtualReality/Scripts/Pointer.cs
  artifactKey: Guid(d618f363006ccaa4cb0ccdee9fb17e4f) Importer(815301076,1909f56bfc062723c751e8b465ee728b)
Start importing Assets/VirtualReality/Scripts/Pointer.cs using Guid(d618f363006ccaa4cb0ccdee9fb17e4f) Importer(815301076,1909f56bfc062723c751e8b465ee728b)  -> (artifact id: 'b13f18d5f32fe51ade72911370783360') in 0.001725 seconds
  Import took 0.004063 seconds .

========================================================================
Received Import Request.
  Time since last request: 18.467866 seconds.
  path: Assets/VirtualReality/Scripts/Pointer.cs
  artifactKey: Guid(d618f363006ccaa4cb0ccdee9fb17e4f) Importer(815301076,1909f56bfc062723c751e8b465ee728b)
Start importing Assets/VirtualReality/Scripts/Pointer.cs using Guid(d618f363006ccaa4cb0ccdee9fb17e4f) Importer(815301076,1909f56bfc062723c751e8b465ee728b)  -> (artifact id: '19c4c3e6dac9de4fe2afa3d7257a726b') in 0.001805 seconds
  Import took 0.004279 seconds .

========================================================================
Received Import Request.
  Time since last request: 48.292812 seconds.
  path: Assets/VirtualReality/Scripts/Pointer.cs
  artifactKey: Guid(d618f363006ccaa4cb0ccdee9fb17e4f) Importer(815301076,1909f56bfc062723c751e8b465ee728b)
Start importing Assets/VirtualReality/Scripts/Pointer.cs using Guid(d618f363006ccaa4cb0ccdee9fb17e4f) Importer(815301076,1909f56bfc062723c751e8b465ee728b)  -> (artifact id: '16eeddcbd964f54cb48c6d1e0e51a954') in 0.001613 seconds
  Import took 0.004104 seconds .

========================================================================
Received Import Request.
  Time since last request: 35.350627 seconds.
  path: Assets/VirtualReality/Scripts/Pointer.cs
  artifactKey: Guid(d618f363006ccaa4cb0ccdee9fb17e4f) Importer(815301076,1909f56bfc062723c751e8b465ee728b)
Start importing Assets/VirtualReality/Scripts/Pointer.cs using Guid(d618f363006ccaa4cb0ccdee9fb17e4f) Importer(815301076,1909f56bfc062723c751e8b465ee728b)  -> (artifact id: 'd60264dbc82ad26e8cc3172ca2fbf127') in 0.001651 seconds
  Import took 0.004582 seconds .

========================================================================
Received Import Request.
  Time since last request: 85.379602 seconds.
  path: Assets/VirtualReality/Scripts/Pointer.cs
  artifactKey: Guid(d618f363006ccaa4cb0ccdee9fb17e4f) Importer(815301076,1909f56bfc062723c751e8b465ee728b)
Start importing Assets/VirtualReality/Scripts/Pointer.cs using Guid(d618f363006ccaa4cb0ccdee9fb17e4f) Importer(815301076,1909f56bfc062723c751e8b465ee728b)  -> (artifact id: '3fff8b2156285da88329d5630a2b2573') in 0.001559 seconds
  Import took 0.004326 seconds .

========================================================================
Received Import Request.
  Time since last request: 34.038349 seconds.
  path: Assets/VirtualReality/Scripts/Pointer.cs
  artifactKey: Guid(d618f363006ccaa4cb0ccdee9fb17e4f) Importer(815301076,1909f56bfc062723c751e8b465ee728b)
Start importing Assets/VirtualReality/Scripts/Pointer.cs using Guid(d618f363006ccaa4cb0ccdee9fb17e4f) Importer(815301076,1909f56bfc062723c751e8b465ee728b)  -> (artifact id: '03d9723038a2276800d2c9a53dd7c97c') in 0.001591 seconds
  Import took 0.004052 seconds .

========================================================================
Received Import Request.
  Time since last request: 36.388757 seconds.
  path: Assets/VirtualReality/Scripts/Pointer.cs
  artifactKey: Guid(d618f363006ccaa4cb0ccdee9fb17e4f) Importer(815301076,1909f56bfc062723c751e8b465ee728b)
Start importing Assets/VirtualReality/Scripts/Pointer.cs using Guid(d618f363006ccaa4cb0ccdee9fb17e4f) Importer(815301076,1909f56bfc062723c751e8b465ee728b)  -> (artifact id: 'd6ac9d81cbafcbdd55ea0bdfa8ef311d') in 0.001696 seconds
  Import took 0.004486 seconds .

========================================================================
Received Import Request.
  Time since last request: 73.312491 seconds.
  path: Assets/VirtualReality/Scripts/Pointer.cs
  artifactKey: Guid(d618f363006ccaa4cb0ccdee9fb17e4f) Importer(815301076,1909f56bfc062723c751e8b465ee728b)
Start importing Assets/VirtualReality/Scripts/Pointer.cs using Guid(d618f363006ccaa4cb0ccdee9fb17e4f) Importer(815301076,1909f56bfc062723c751e8b465ee728b)  -> (artifact id: 'f922dc63d722575a0a67a2aa61a94471') in 0.001666 seconds
  Import took 0.004484 seconds .

========================================================================
Received Import Request.
  Time since last request: 87.552530 seconds.
  path: Assets/VirtualReality/Scripts/Pointer.cs
  artifactKey: Guid(d618f363006ccaa4cb0ccdee9fb17e4f) Importer(815301076,1909f56bfc062723c751e8b465ee728b)
Start importing Assets/VirtualReality/Scripts/Pointer.cs using Guid(d618f363006ccaa4cb0ccdee9fb17e4f) Importer(815301076,1909f56bfc062723c751e8b465ee728b)  -> (artifact id: '27ee743b5d481c0244cd3a02d2a1dc21') in 0.001598 seconds
  Import took 0.004103 seconds .

========================================================================
Received Import Request.
  Time since last request: 43.244644 seconds.
  path: Assets/VirtualReality/Scripts/Pointer.cs
  artifactKey: Guid(d618f363006ccaa4cb0ccdee9fb17e4f) Importer(815301076,1909f56bfc062723c751e8b465ee728b)
Start importing Assets/VirtualReality/Scripts/Pointer.cs using Guid(d618f363006ccaa4cb0ccdee9fb17e4f) Importer(815301076,1909f56bfc062723c751e8b465ee728b)  -> (artifact id: '215d1b9377b345e6926ca1d4f6f514d4') in 0.002078 seconds
  Import took 0.004883 seconds .

========================================================================
Received Import Request.
  Time since last request: 103.141354 seconds.
  path: Assets/VirtualReality/Scripts/Pointer.cs
  artifactKey: Guid(d618f363006ccaa4cb0ccdee9fb17e4f) Importer(815301076,1909f56bfc062723c751e8b465ee728b)
Start importing Assets/VirtualReality/Scripts/Pointer.cs using Guid(d618f363006ccaa4cb0ccdee9fb17e4f) Importer(815301076,1909f56bfc062723c751e8b465ee728b)  -> (artifact id: '02d88a5ce4fa3a3507e2d95befe6a5fe') in 0.001755 seconds
  Import took 0.004667 seconds .

========================================================================
Received Import Request.
  Time since last request: 29.413838 seconds.
  path: Assets/VirtualReality/Scripts/Pointer.cs
  artifactKey: Guid(d618f363006ccaa4cb0ccdee9fb17e4f) Importer(815301076,1909f56bfc062723c751e8b465ee728b)
Start importing Assets/VirtualReality/Scripts/Pointer.cs using Guid(d618f363006ccaa4cb0ccdee9fb17e4f) Importer(815301076,1909f56bfc062723c751e8b465ee728b)  -> (artifact id: 'bc9052f54780035c69fc458d143067c8') in 0.001837 seconds
  Import took 0.004216 seconds .

========================================================================
Received Import Request.
  Time since last request: 123.647540 seconds.
  path: Assets/VirtualReality/Scripts/Pointer.cs
  artifactKey: Guid(d618f363006ccaa4cb0ccdee9fb17e4f) Importer(815301076,1909f56bfc062723c751e8b465ee728b)
Start importing Assets/VirtualReality/Scripts/Pointer.cs using Guid(d618f363006ccaa4cb0ccdee9fb17e4f) Importer(815301076,1909f56bfc062723c751e8b465ee728b)  -> (artifact id: 'f00f0db2422ce0cc15b1fefcf721ec65') in 0.001622 seconds
  Import took 0.004323 seconds .

========================================================================
Received Import Request.
  Time since last request: 114.015747 seconds.
  path: Assets/VirtualReality/Scripts/Pointer.cs
  artifactKey: Guid(d618f363006ccaa4cb0ccdee9fb17e4f) Importer(815301076,1909f56bfc062723c751e8b465ee728b)
Start importing Assets/VirtualReality/Scripts/Pointer.cs using Guid(d618f363006ccaa4cb0ccdee9fb17e4f) Importer(815301076,1909f56bfc062723c751e8b465ee728b)  -> (artifact id: '9fe09cdc8c9247c112aa6b1fd8f606ad') in 0.001718 seconds
  Import took 0.004009 seconds .

========================================================================
Received Import Request.
  Time since last request: 16.287948 seconds.
  path: Assets/VirtualReality/Scripts/Pointer.cs
  artifactKey: Guid(d618f363006ccaa4cb0ccdee9fb17e4f) Importer(815301076,1909f56bfc062723c751e8b465ee728b)
Start importing Assets/VirtualReality/Scripts/Pointer.cs using Guid(d618f363006ccaa4cb0ccdee9fb17e4f) Importer(815301076,1909f56bfc062723c751e8b465ee728b)  -> (artifact id: 'e7f509888f37e69dc56d5406d923fb0a') in 0.001726 seconds
  Import took 0.004514 seconds .

========================================================================
Received Import Request.
  Time since last request: 11.373432 seconds.
  path: Assets/VirtualReality/Scripts/Pointer.cs
  artifactKey: Guid(d618f363006ccaa4cb0ccdee9fb17e4f) Importer(815301076,1909f56bfc062723c751e8b465ee728b)
Start importing Assets/VirtualReality/Scripts/Pointer.cs using Guid(d618f363006ccaa4cb0ccdee9fb17e4f) Importer(815301076,1909f56bfc062723c751e8b465ee728b)  -> (artifact id: 'be99dd1d9832e16b1345de846023c50f') in 0.001744 seconds
  Import took 0.004273 seconds .

========================================================================
Received Import Request.
  Time since last request: 3.627814 seconds.
  path: Assets/VirtualReality/Scripts/Pointer.cs
  artifactKey: Guid(d618f363006ccaa4cb0ccdee9fb17e4f) Importer(815301076,1909f56bfc062723c751e8b465ee728b)
Start importing Assets/VirtualReality/Scripts/Pointer.cs using Guid(d618f363006ccaa4cb0ccdee9fb17e4f) Importer(815301076,1909f56bfc062723c751e8b465ee728b)  -> (artifact id: 'bcb19c0f213712364e20ad35e5115bad') in 0.001919 seconds
  Import took 0.004342 seconds .

========================================================================
Received Import Request.
  Time since last request: 22.105941 seconds.
  path: Assets/VirtualReality/Scripts/Pointer.cs
  artifactKey: Guid(d618f363006ccaa4cb0ccdee9fb17e4f) Importer(815301076,1909f56bfc062723c751e8b465ee728b)
Start importing Assets/VirtualReality/Scripts/Pointer.cs using Guid(d618f363006ccaa4cb0ccdee9fb17e4f) Importer(815301076,1909f56bfc062723c751e8b465ee728b)  -> (artifact id: 'ebf8442d9e5376916c69c955eafd3f2e') in 0.001440 seconds
  Import took 0.003762 seconds .

========================================================================
Received Import Request.
  Time since last request: 175.966076 seconds.
  path: Assets/VirtualReality/Scripts/Pointer.cs
  artifactKey: Guid(d618f363006ccaa4cb0ccdee9fb17e4f) Importer(815301076,1909f56bfc062723c751e8b465ee728b)
Start importing Assets/VirtualReality/Scripts/Pointer.cs using Guid(d618f363006ccaa4cb0ccdee9fb17e4f) Importer(815301076,1909f56bfc062723c751e8b465ee728b)  -> (artifact id: '4bcfe03dc3d954292e9c04486d0ad2d3') in 0.001645 seconds
  Import took 0.004448 seconds .

========================================================================
Received Import Request.
  Time since last request: 136.271621 seconds.
  path: Assets/VirtualReality/Scripts/Pointer.cs
  artifactKey: Guid(d618f363006ccaa4cb0ccdee9fb17e4f) Importer(815301076,1909f56bfc062723c751e8b465ee728b)
Start importing Assets/VirtualReality/Scripts/Pointer.cs using Guid(d618f363006ccaa4cb0ccdee9fb17e4f) Importer(815301076,1909f56bfc062723c751e8b465ee728b)  -> (artifact id: '7cc80d9ff5608d5e0d5f46eafbcf53d5') in 0.001669 seconds
  Import took 0.004574 seconds .

========================================================================
Received Import Request.
  Time since last request: 196.435228 seconds.
  path: Assets/VirtualReality/Scripts/Pointer.cs
  artifactKey: Guid(d618f363006ccaa4cb0ccdee9fb17e4f) Importer(815301076,1909f56bfc062723c751e8b465ee728b)
Start importing Assets/VirtualReality/Scripts/Pointer.cs using Guid(d618f363006ccaa4cb0ccdee9fb17e4f) Importer(815301076,1909f56bfc062723c751e8b465ee728b)  -> (artifact id: 'bc8a4ec951eb18cc993eef4e6d34997c') in 0.001407 seconds
  Import took 0.003808 seconds .

========================================================================
Received Import Request.
  Time since last request: 41.840995 seconds.
  path: Assets/VirtualReality/Scripts/Pointer.cs
  artifactKey: Guid(d618f363006ccaa4cb0ccdee9fb17e4f) Importer(815301076,1909f56bfc062723c751e8b465ee728b)
Start importing Assets/VirtualReality/Scripts/Pointer.cs using Guid(d618f363006ccaa4cb0ccdee9fb17e4f) Importer(815301076,1909f56bfc062723c751e8b465ee728b)  -> (artifact id: '5fecb0b7fb5c3534cee4130f6739c6eb') in 0.001561 seconds
  Import took 0.004001 seconds .

========================================================================
Received Import Request.
  Time since last request: 19.602182 seconds.
  path: Assets/VirtualReality/Scripts/Pointer.cs
  artifactKey: Guid(d618f363006ccaa4cb0ccdee9fb17e4f) Importer(815301076,1909f56bfc062723c751e8b465ee728b)
Start importing Assets/VirtualReality/Scripts/Pointer.cs using Guid(d618f363006ccaa4cb0ccdee9fb17e4f) Importer(815301076,1909f56bfc062723c751e8b465ee728b)  -> (artifact id: '13ace6ec1ca8c04dc071469346422bc0') in 0.001707 seconds
  Import took 0.004172 seconds .

========================================================================
Received Import Request.
  Time since last request: 48.183504 seconds.
  path: Assets/VirtualReality/Scripts/Pointer.cs
  artifactKey: Guid(d618f363006ccaa4cb0ccdee9fb17e4f) Importer(815301076,1909f56bfc062723c751e8b465ee728b)
Start importing Assets/VirtualReality/Scripts/Pointer.cs using Guid(d618f363006ccaa4cb0ccdee9fb17e4f) Importer(815301076,1909f56bfc062723c751e8b465ee728b)  -> (artifact id: 'fef5b78e73c5fef2e0c7ab977c7cb9fb') in 0.001733 seconds
  Import took 0.004099 seconds .

========================================================================
Received Import Request.
  Time since last request: 74.911679 seconds.
  path: Assets/VirtualReality/Scripts/Pointer.cs
  artifactKey: Guid(d618f363006ccaa4cb0ccdee9fb17e4f) Importer(815301076,1909f56bfc062723c751e8b465ee728b)
Start importing Assets/VirtualReality/Scripts/Pointer.cs using Guid(d618f363006ccaa4cb0ccdee9fb17e4f) Importer(815301076,1909f56bfc062723c751e8b465ee728b)  -> (artifact id: '623ca5ff9e2ba4f5c7134788ab23388d') in 0.001534 seconds
  Import took 0.003873 seconds .

========================================================================
Received Import Request.
  Time since last request: 222.500425 seconds.
  path: Assets/VirtualReality/Scripts/Pointer.cs
  artifactKey: Guid(d618f363006ccaa4cb0ccdee9fb17e4f) Importer(815301076,1909f56bfc062723c751e8b465ee728b)
Start importing Assets/VirtualReality/Scripts/Pointer.cs using Guid(d618f363006ccaa4cb0ccdee9fb17e4f) Importer(815301076,1909f56bfc062723c751e8b465ee728b)  -> (artifact id: 'ece47d503c2e64f66222a67fe85d60c4') in 0.001930 seconds
  Import took 0.004760 seconds .

========================================================================
Received Import Request.
  Time since last request: 83.076234 seconds.
  path: Assets/VirtualReality/Scripts/Pointer.cs
  artifactKey: Guid(d618f363006ccaa4cb0ccdee9fb17e4f) Importer(815301076,1909f56bfc062723c751e8b465ee728b)
Start importing Assets/VirtualReality/Scripts/Pointer.cs using Guid(d618f363006ccaa4cb0ccdee9fb17e4f) Importer(815301076,1909f56bfc062723c751e8b465ee728b)  -> (artifact id: 'dd1d31671eef30ec60c7adf404a40277') in 0.001607 seconds
  Import took 0.003966 seconds .

========================================================================
Received Import Request.
  Time since last request: 71.915610 seconds.
  path: Assets/VirtualReality/Scripts/Pointer.cs
  artifactKey: Guid(d618f363006ccaa4cb0ccdee9fb17e4f) Importer(815301076,1909f56bfc062723c751e8b465ee728b)
Start importing Assets/VirtualReality/Scripts/Pointer.cs using Guid(d618f363006ccaa4cb0ccdee9fb17e4f) Importer(815301076,1909f56bfc062723c751e8b465ee728b)  -> (artifact id: '23a432175ceae5f15bc8247465a8055a') in 0.001989 seconds
  Import took 0.004344 seconds .

========================================================================
Received Import Request.
  Time since last request: 27.961222 seconds.
  path: Assets/VirtualReality/Scripts/Pointer.cs
  artifactKey: Guid(d618f363006ccaa4cb0ccdee9fb17e4f) Importer(815301076,1909f56bfc062723c751e8b465ee728b)
Start importing Assets/VirtualReality/Scripts/Pointer.cs using Guid(d618f363006ccaa4cb0ccdee9fb17e4f) Importer(815301076,1909f56bfc062723c751e8b465ee728b)  -> (artifact id: '64178be7873464699de66e29d7071a44') in 0.002005 seconds
  Import took 0.004770 seconds .

========================================================================
Received Import Request.
  Time since last request: 93.844415 seconds.
  path: Assets/VirtualReality/Scripts/Pointer.cs
  artifactKey: Guid(d618f363006ccaa4cb0ccdee9fb17e4f) Importer(815301076,1909f56bfc062723c751e8b465ee728b)
Start importing Assets/VirtualReality/Scripts/Pointer.cs using Guid(d618f363006ccaa4cb0ccdee9fb17e4f) Importer(815301076,1909f56bfc062723c751e8b465ee728b)  -> (artifact id: 'aef28a17ab5acfe86f59d27f9f5cf6c3') in 0.001691 seconds
  Import took 0.004007 seconds .

========================================================================
Received Import Request.
  Time since last request: 74.352220 seconds.
  path: Assets/VirtualReality/Scripts/Pointer.cs
  artifactKey: Guid(d618f363006ccaa4cb0ccdee9fb17e4f) Importer(815301076,1909f56bfc062723c751e8b465ee728b)
Start importing Assets/VirtualReality/Scripts/Pointer.cs using Guid(d618f363006ccaa4cb0ccdee9fb17e4f) Importer(815301076,1909f56bfc062723c751e8b465ee728b)  -> (artifact id: '9164a120c227562e1fb7a8d5bcd54bde') in 0.001672 seconds
  Import took 0.004165 seconds .

========================================================================
Received Import Request.
  Time since last request: 8.830031 seconds.
  path: Assets/VirtualReality/Scripts/Pointer.cs
  artifactKey: Guid(d618f363006ccaa4cb0ccdee9fb17e4f) Importer(815301076,1909f56bfc062723c751e8b465ee728b)
Start importing Assets/VirtualReality/Scripts/Pointer.cs using Guid(d618f363006ccaa4cb0ccdee9fb17e4f) Importer(815301076,1909f56bfc062723c751e8b465ee728b)  -> (artifact id: '09353f0807d1546e2cd150b81fcb2df1') in 0.001608 seconds
  Import took 0.004016 seconds .

========================================================================
Received Import Request.
  Time since last request: 22.645962 seconds.
  path: Assets/VirtualReality/Scripts/Pointer.cs
  artifactKey: Guid(d618f363006ccaa4cb0ccdee9fb17e4f) Importer(815301076,1909f56bfc062723c751e8b465ee728b)
Start importing Assets/VirtualReality/Scripts/Pointer.cs using Guid(d618f363006ccaa4cb0ccdee9fb17e4f) Importer(815301076,1909f56bfc062723c751e8b465ee728b)  -> (artifact id: '3d97f0f9d7272bb9ce9cfab464dac873') in 0.001820 seconds
  Import took 0.004916 seconds .

========================================================================
Received Import Request.
  Time since last request: 148.728203 seconds.
  path: Assets/VirtualReality/Scripts/Pointer.cs
  artifactKey: Guid(d618f363006ccaa4cb0ccdee9fb17e4f) Importer(815301076,1909f56bfc062723c751e8b465ee728b)
Start importing Assets/VirtualReality/Scripts/Pointer.cs using Guid(d618f363006ccaa4cb0ccdee9fb17e4f) Importer(815301076,1909f56bfc062723c751e8b465ee728b)  -> (artifact id: '28e83fbafcaeab6268f145cc771bc798') in 0.001801 seconds
  Import took 0.004817 seconds .

========================================================================
Received Import Request.
  Time since last request: 2.992649 seconds.
  path: Assets/VirtualReality/Scripts/Pointer.cs
  artifactKey: Guid(d618f363006ccaa4cb0ccdee9fb17e4f) Importer(815301076,1909f56bfc062723c751e8b465ee728b)
Start importing Assets/VirtualReality/Scripts/Pointer.cs using Guid(d618f363006ccaa4cb0ccdee9fb17e4f) Importer(815301076,1909f56bfc062723c751e8b465ee728b)  -> (artifact id: 'cc93e089312ecc31873fe3d9fa8bd4a5') in 0.001556 seconds
  Import took 0.003971 seconds .

========================================================================
Received Import Request.
  Time since last request: 31.796956 seconds.
  path: Assets/VirtualReality/Scripts/Pointer.cs
  artifactKey: Guid(d618f363006ccaa4cb0ccdee9fb17e4f) Importer(815301076,1909f56bfc062723c751e8b465ee728b)
Start importing Assets/VirtualReality/Scripts/Pointer.cs using Guid(d618f363006ccaa4cb0ccdee9fb17e4f) Importer(815301076,1909f56bfc062723c751e8b465ee728b)  -> (artifact id: '2029f110b0f38831dbaf8f3f07d3389b') in 0.002023 seconds
  Import took 0.004394 seconds .

========================================================================
Received Import Request.
  Time since last request: 103.396295 seconds.
  path: Assets/VirtualReality/Scripts/Pointer.cs
  artifactKey: Guid(d618f363006ccaa4cb0ccdee9fb17e4f) Importer(815301076,1909f56bfc062723c751e8b465ee728b)
Start importing Assets/VirtualReality/Scripts/Pointer.cs using Guid(d618f363006ccaa4cb0ccdee9fb17e4f) Importer(815301076,1909f56bfc062723c751e8b465ee728b)  -> (artifact id: '87eaf3429bad851d8796b9c4b04b7842') in 0.001774 seconds
  Import took 0.004119 seconds .

========================================================================
Received Prepare
Registering precompiled user dll's ...
Registered in 0.001601 seconds.
Begin MonoManager ReloadAssembly
Native extension for WindowsStandalone target not found
Refreshing native plugins compatible for Editor in 0.42 ms, found 3 plugins.
Preloading 0 native plugins for Editor in 0.00 ms.
Warning: Annotation not found!
UnityEngine.StackTraceUtility:ExtractStackTrace ()
UnityEditor.ProBuilder.EditorUtility:SetGizmoIconEnabled (System.Type,bool) (at Library/PackageCache/com.unity.probuilder@4.4.0/Editor/EditorCore/EditorUtility.cs:593)
UnityEditor.ProBuilder.HierarchyListener:.cctor () (at Library/PackageCache/com.unity.probuilder@4.4.0/Editor/EditorCore/HierarchyListener.cs:21)
System.Runtime.CompilerServices.RuntimeHelpers:RunClassConstructor (System.RuntimeTypeHandle)
UnityEditor.EditorAssemblies:ProcessInitializeOnLoadAttributes (System.Type[])

[Library/PackageCache/com.unity.probuilder@4.4.0/Editor/EditorCore/EditorUtility.cs line 593]

Invoked RoslynAnalysisRunner static constructor.
RoslynAnalysisRunner will not be running.
RoslynAnalysisRunner has terminated.
Mono: successfully reloaded assembly
- Completed reload, in  0.669 seconds
Platform modules already initialized, skipping
Refreshing native plugins compatible for Editor in 0.39 ms, found 3 plugins.
Preloading 0 native plugins for Editor in 0.00 ms.
Unloading 1736 Unused Serialized files (Serialized files now loaded: 0)
System memory in use before: 83.0 MB.
System memory in use after: 83.0 MB.

Unloading 8 unused Assets to reduce memory usage. Loaded Objects now: 2241.
Total: 1.868600 ms (FindLiveObjects: 0.140700 ms CreateObjectMapping: 0.055100 ms MarkObjects: 1.621100 ms  DeleteObjects: 0.051100 ms)

========================================================================
Received Import Request.
  Time since last request: 210.926865 seconds.
  path: Assets/VirtualReality/Scripts/Teleporter.cs
  artifactKey: Guid(41d98f49cc4a64c4a8905435f181eceb) Importer(815301076,1909f56bfc062723c751e8b465ee728b)
Start importing Assets/VirtualReality/Scripts/Teleporter.cs using Guid(41d98f49cc4a64c4a8905435f181eceb) Importer(815301076,1909f56bfc062723c751e8b465ee728b)  -> (artifact id: '9b8fdea98e2fcda98529bda746079ce9') in 0.007578 seconds
  Import took 0.010903 seconds .

========================================================================
Received Prepare
Registering precompiled user dll's ...
Registered in 0.001579 seconds.
Begin MonoManager ReloadAssembly
Native extension for WindowsStandalone target not found
Refreshing native plugins compatible for Editor in 0.38 ms, found 3 plugins.
Preloading 0 native plugins for Editor in 0.00 ms.
Warning: Annotation not found!
UnityEngine.StackTraceUtility:ExtractStackTrace ()
UnityEditor.ProBuilder.EditorUtility:SetGizmoIconEnabled (System.Type,bool) (at Library/PackageCache/com.unity.probuilder@4.4.0/Editor/EditorCore/EditorUtility.cs:593)
UnityEditor.ProBuilder.HierarchyListener:.cctor () (at Library/PackageCache/com.unity.probuilder@4.4.0/Editor/EditorCore/HierarchyListener.cs:21)
System.Runtime.CompilerServices.RuntimeHelpers:RunClassConstructor (System.RuntimeTypeHandle)
UnityEditor.EditorAssemblies:ProcessInitializeOnLoadAttributes (System.Type[])

[Library/PackageCache/com.unity.probuilder@4.4.0/Editor/EditorCore/EditorUtility.cs line 593]

Invoked RoslynAnalysisRunner static constructor.
RoslynAnalysisRunner will not be running.
RoslynAnalysisRunner has terminated.
Mono: successfully reloaded assembly
- Completed reload, in  0.744 seconds
Platform modules already initialized, skipping
Refreshing native plugins compatible for Editor in 0.38 ms, found 3 plugins.
Preloading 0 native plugins for Editor in 0.00 ms.
Unloading 1737 Unused Serialized files (Serialized files now loaded: 0)
System memory in use before: 83.2 MB.
System memory in use after: 83.3 MB.

Unloading 8 unused Assets to reduce memory usage. Loaded Objects now: 2245.
Total: 2.457900 ms (FindLiveObjects: 0.150200 ms CreateObjectMapping: 0.058000 ms MarkObjects: 2.193300 ms  DeleteObjects: 0.055700 ms)

========================================================================
Received Import Request.
  Time since last request: 25.797509 seconds.
  path: Assets/VirtualReality/Scripts/Teleporter.cs
  artifactKey: Guid(41d98f49cc4a64c4a8905435f181eceb) Importer(815301076,1909f56bfc062723c751e8b465ee728b)
Start importing Assets/VirtualReality/Scripts/Teleporter.cs using Guid(41d98f49cc4a64c4a8905435f181eceb) Importer(815301076,1909f56bfc062723c751e8b465ee728b)  -> (artifact id: 'c3c6f87aca6f40cca03bfa1e4a826ceb') in 0.006796 seconds
  Import took 0.009294 seconds .

========================================================================
Received Import Request.
  Time since last request: 0.058142 seconds.
  path: Assets/VirtualReality/Scripts/Teleporter.cs
  artifactKey: Guid(41d98f49cc4a64c4a8905435f181eceb) Importer(815301076,1909f56bfc062723c751e8b465ee728b)
Start importing Assets/VirtualReality/Scripts/Teleporter.cs using Guid(41d98f49cc4a64c4a8905435f181eceb) Importer(815301076,1909f56bfc062723c751e8b465ee728b)  -> (artifact id: 'c3c6f87aca6f40cca03bfa1e4a826ceb') in 0.001750 seconds
  Import took 0.004666 seconds .

========================================================================
Received Prepare
Registering precompiled user dll's ...
Registered in 0.001579 seconds.
Begin MonoManager ReloadAssembly
Native extension for WindowsStandalone target not found
Refreshing native plugins compatible for Editor in 0.39 ms, found 3 plugins.
Preloading 0 native plugins for Editor in 0.00 ms.
Warning: Annotation not found!
UnityEngine.StackTraceUtility:ExtractStackTrace ()
UnityEditor.ProBuilder.EditorUtility:SetGizmoIconEnabled (System.Type,bool) (at Library/PackageCache/com.unity.probuilder@4.4.0/Editor/EditorCore/EditorUtility.cs:593)
UnityEditor.ProBuilder.HierarchyListener:.cctor () (at Library/PackageCache/com.unity.probuilder@4.4.0/Editor/EditorCore/HierarchyListener.cs:21)
System.Runtime.CompilerServices.RuntimeHelpers:RunClassConstructor (System.RuntimeTypeHandle)
UnityEditor.EditorAssemblies:ProcessInitializeOnLoadAttributes (System.Type[])

[Library/PackageCache/com.unity.probuilder@4.4.0/Editor/EditorCore/EditorUtility.cs line 593]

Invoked RoslynAnalysisRunner static constructor.
RoslynAnalysisRunner will not be running.
RoslynAnalysisRunner has terminated.
Mono: successfully reloaded assembly
- Completed reload, in  0.657 seconds
Platform modules already initialized, skipping
Refreshing native plugins compatible for Editor in 0.39 ms, found 3 plugins.
Preloading 0 native plugins for Editor in 0.00 ms.
Unloading 1737 Unused Serialized files (Serialized files now loaded: 0)
System memory in use before: 83.5 MB.
System memory in use after: 83.5 MB.

Unloading 8 unused Assets to reduce memory usage. Loaded Objects now: 2248.
Total: 5.422300 ms (FindLiveObjects: 0.355300 ms CreateObjectMapping: 0.163600 ms MarkObjects: 4.801400 ms  DeleteObjects: 0.100100 ms)

========================================================================
Received Import Request.
  Time since last request: 8.938799 seconds.
  path: Assets/VirtualReality/Scripts/Teleporter.cs
  artifactKey: Guid(41d98f49cc4a64c4a8905435f181eceb) Importer(815301076,1909f56bfc062723c751e8b465ee728b)
Start importing Assets/VirtualReality/Scripts/Teleporter.cs using Guid(41d98f49cc4a64c4a8905435f181eceb) Importer(815301076,1909f56bfc062723c751e8b465ee728b)  -> (artifact id: '8205a9d75e2b80320786ce6127f1f4ac') in 0.007225 seconds
  Import took 0.009739 seconds .

========================================================================
Received Import Request.
  Time since last request: 0.062664 seconds.
  path: Assets/VirtualReality/Scripts/Teleporter.cs
  artifactKey: Guid(41d98f49cc4a64c4a8905435f181eceb) Importer(815301076,1909f56bfc062723c751e8b465ee728b)
Start importing Assets/VirtualReality/Scripts/Teleporter.cs using Guid(41d98f49cc4a64c4a8905435f181eceb) Importer(815301076,1909f56bfc062723c751e8b465ee728b)  -> (artifact id: '8205a9d75e2b80320786ce6127f1f4ac') in 0.001830 seconds
  Import took 0.004707 seconds .

========================================================================
Received Prepare
Registering precompiled user dll's ...
Registered in 0.001555 seconds.
Begin MonoManager ReloadAssembly
Native extension for WindowsStandalone target not found
Refreshing native plugins compatible for Editor in 0.40 ms, found 3 plugins.
Preloading 0 native plugins for Editor in 0.00 ms.
Warning: Annotation not found!
UnityEngine.StackTraceUtility:ExtractStackTrace ()
UnityEditor.ProBuilder.EditorUtility:SetGizmoIconEnabled (System.Type,bool) (at Library/PackageCache/com.unity.probuilder@4.4.0/Editor/EditorCore/EditorUtility.cs:593)
UnityEditor.ProBuilder.HierarchyListener:.cctor () (at Library/PackageCache/com.unity.probuilder@4.4.0/Editor/EditorCore/HierarchyListener.cs:21)
System.Runtime.CompilerServices.RuntimeHelpers:RunClassConstructor (System.RuntimeTypeHandle)
UnityEditor.EditorAssemblies:ProcessInitializeOnLoadAttributes (System.Type[])

[Library/PackageCache/com.unity.probuilder@4.4.0/Editor/EditorCore/EditorUtility.cs line 593]

Invoked RoslynAnalysisRunner static constructor.
RoslynAnalysisRunner will not be running.
RoslynAnalysisRunner has terminated.
Mono: successfully reloaded assembly
- Completed reload, in  0.657 seconds
Platform modules already initialized, skipping
Refreshing native plugins compatible for Editor in 0.38 ms, found 3 plugins.
Preloading 0 native plugins for Editor in 0.00 ms.
Unloading 1737 Unused Serialized files (Serialized files now loaded: 0)
System memory in use before: 82.7 MB.
System memory in use after: 82.8 MB.

Unloading 8 unused Assets to reduce memory usage. Loaded Objects now: 2251.
Total: 2.030000 ms (FindLiveObjects: 0.172400 ms CreateObjectMapping: 0.058100 ms MarkObjects: 1.753400 ms  DeleteObjects: 0.045400 ms)

========================================================================
Received Import Request.
  Time since last request: 25.178693 seconds.
  path: Assets/VirtualReality/Scripts/Teleporter.cs
  artifactKey: Guid(41d98f49cc4a64c4a8905435f181eceb) Importer(815301076,1909f56bfc062723c751e8b465ee728b)
Start importing Assets/VirtualReality/Scripts/Teleporter.cs using Guid(41d98f49cc4a64c4a8905435f181eceb) Importer(815301076,1909f56bfc062723c751e8b465ee728b)  -> (artifact id: '47b2c49d3b40f75cff6f63ecdb5d2d6f') in 0.007606 seconds
  Import took 0.010056 seconds .

========================================================================
Received Import Request.
  Time since last request: 0.067911 seconds.
  path: Assets/VirtualReality/Scripts/Teleporter.cs
  artifactKey: Guid(41d98f49cc4a64c4a8905435f181eceb) Importer(815301076,1909f56bfc062723c751e8b465ee728b)
Start importing Assets/VirtualReality/Scripts/Teleporter.cs using Guid(41d98f49cc4a64c4a8905435f181eceb) Importer(815301076,1909f56bfc062723c751e8b465ee728b)  -> (artifact id: '47b2c49d3b40f75cff6f63ecdb5d2d6f') in 0.001604 seconds
  Import took 0.004422 seconds .

========================================================================
Received Prepare
Registering precompiled user dll's ...
Registered in 0.001642 seconds.
Begin MonoManager ReloadAssembly
Native extension for WindowsStandalone target not found
Refreshing native plugins compatible for Editor in 0.40 ms, found 3 plugins.
Preloading 0 native plugins for Editor in 0.00 ms.
Warning: Annotation not found!
UnityEngine.StackTraceUtility:ExtractStackTrace ()
UnityEditor.ProBuilder.EditorUtility:SetGizmoIconEnabled (System.Type,bool) (at Library/PackageCache/com.unity.probuilder@4.4.0/Editor/EditorCore/EditorUtility.cs:593)
UnityEditor.ProBuilder.HierarchyListener:.cctor () (at Library/PackageCache/com.unity.probuilder@4.4.0/Editor/EditorCore/HierarchyListener.cs:21)
System.Runtime.CompilerServices.RuntimeHelpers:RunClassConstructor (System.RuntimeTypeHandle)
UnityEditor.EditorAssemblies:ProcessInitializeOnLoadAttributes (System.Type[])

[Library/PackageCache/com.unity.probuilder@4.4.0/Editor/EditorCore/EditorUtility.cs line 593]

Invoked RoslynAnalysisRunner static constructor.
RoslynAnalysisRunner will not be running.
RoslynAnalysisRunner has terminated.
Mono: successfully reloaded assembly
- Completed reload, in  0.661 seconds
Platform modules already initialized, skipping
Refreshing native plugins compatible for Editor in 0.40 ms, found 3 plugins.
Preloading 0 native plugins for Editor in 0.00 ms.
Unloading 1737 Unused Serialized files (Serialized files now loaded: 0)
System memory in use before: 83.0 MB.
System memory in use after: 83.1 MB.

Unloading 8 unused Assets to reduce memory usage. Loaded Objects now: 2254.
Total: 2.019900 ms (FindLiveObjects: 0.181600 ms CreateObjectMapping: 0.054200 ms MarkObjects: 1.729200 ms  DeleteObjects: 0.054200 ms)

========================================================================
Received Import Request.
  Time since last request: 22.750457 seconds.
  path: Assets/VirtualReality/Scripts/Teleporter.cs
  artifactKey: Guid(41d98f49cc4a64c4a8905435f181eceb) Importer(815301076,1909f56bfc062723c751e8b465ee728b)
Start importing Assets/VirtualReality/Scripts/Teleporter.cs using Guid(41d98f49cc4a64c4a8905435f181eceb) Importer(815301076,1909f56bfc062723c751e8b465ee728b)  -> (artifact id: '00d6a7bf6d21827aad98d0d5d2cfb1c8') in 0.006895 seconds
  Import took 0.009392 seconds .

========================================================================
Received Prepare
Registering precompiled user dll's ...
Registered in 0.001514 seconds.
Begin MonoManager ReloadAssembly
Native extension for WindowsStandalone target not found
Refreshing native plugins compatible for Editor in 0.39 ms, found 3 plugins.
Preloading 0 native plugins for Editor in 0.00 ms.
Warning: Annotation not found!
UnityEngine.StackTraceUtility:ExtractStackTrace ()
UnityEditor.ProBuilder.EditorUtility:SetGizmoIconEnabled (System.Type,bool) (at Library/PackageCache/com.unity.probuilder@4.4.0/Editor/EditorCore/EditorUtility.cs:593)
UnityEditor.ProBuilder.HierarchyListener:.cctor () (at Library/PackageCache/com.unity.probuilder@4.4.0/Editor/EditorCore/HierarchyListener.cs:21)
System.Runtime.CompilerServices.RuntimeHelpers:RunClassConstructor (System.RuntimeTypeHandle)
UnityEditor.EditorAssemblies:ProcessInitializeOnLoadAttributes (System.Type[])

[Library/PackageCache/com.unity.probuilder@4.4.0/Editor/EditorCore/EditorUtility.cs line 593]

Invoked RoslynAnalysisRunner static constructor.
RoslynAnalysisRunner will not be running.
RoslynAnalysisRunner has terminated.
Mono: successfully reloaded assembly
- Completed reload, in  0.650 seconds
Platform modules already initialized, skipping
Refreshing native plugins compatible for Editor in 0.37 ms, found 3 plugins.
Preloading 0 native plugins for Editor in 0.00 ms.
Unloading 1737 Unused Serialized files (Serialized files now loaded: 0)
System memory in use before: 83.3 MB.
System memory in use after: 83.4 MB.

Unloading 8 unused Assets to reduce memory usage. Loaded Objects now: 2257.
Total: 5.037100 ms (FindLiveObjects: 0.346500 ms CreateObjectMapping: 0.157700 ms MarkObjects: 4.428800 ms  DeleteObjects: 0.102600 ms)

========================================================================
Received Prepare
Registering precompiled user dll's ...
Registered in 0.001522 seconds.
Begin MonoManager ReloadAssembly
Native extension for WindowsStandalone target not found
Refreshing native plugins compatible for Editor in 0.38 ms, found 3 plugins.
Preloading 0 native plugins for Editor in 0.00 ms.
Warning: Annotation not found!
UnityEngine.StackTraceUtility:ExtractStackTrace ()
UnityEditor.ProBuilder.EditorUtility:SetGizmoIconEnabled (System.Type,bool) (at Library/PackageCache/com.unity.probuilder@4.4.0/Editor/EditorCore/EditorUtility.cs:593)
UnityEditor.ProBuilder.HierarchyListener:.cctor () (at Library/PackageCache/com.unity.probuilder@4.4.0/Editor/EditorCore/HierarchyListener.cs:21)
System.Runtime.CompilerServices.RuntimeHelpers:RunClassConstructor (System.RuntimeTypeHandle)
UnityEditor.EditorAssemblies:ProcessInitializeOnLoadAttributes (System.Type[])

[Library/PackageCache/com.unity.probuilder@4.4.0/Editor/EditorCore/EditorUtility.cs line 593]

Invoked RoslynAnalysisRunner static constructor.
RoslynAnalysisRunner will not be running.
RoslynAnalysisRunner has terminated.
Mono: successfully reloaded assembly
- Completed reload, in  0.675 seconds
Platform modules already initialized, skipping
Refreshing native plugins compatible for Editor in 0.38 ms, found 3 plugins.
Preloading 0 native plugins for Editor in 0.00 ms.
Unloading 1737 Unused Serialized files (Serialized files now loaded: 0)
System memory in use before: 83.5 MB.
System memory in use after: 83.6 MB.

Unloading 8 unused Assets to reduce memory usage. Loaded Objects now: 2260.
Total: 1.912500 ms (FindLiveObjects: 0.168500 ms CreateObjectMapping: 0.055000 ms MarkObjects: 1.640700 ms  DeleteObjects: 0.047400 ms)

========================================================================
Received Import Request.
  Time since last request: 115.350869 seconds.
  path: Assets/VirtualReality/Scripts/Teleporter.cs
  artifactKey: Guid(41d98f49cc4a64c4a8905435f181eceb) Importer(815301076,1909f56bfc062723c751e8b465ee728b)
Start importing Assets/VirtualReality/Scripts/Teleporter.cs using Guid(41d98f49cc4a64c4a8905435f181eceb) Importer(815301076,1909f56bfc062723c751e8b465ee728b)  -> (artifact id: '75a290be6c9a0ce4e8fc168c64ea2f28') in 0.007323 seconds
  Import took 0.009688 seconds .

========================================================================
Received Import Request.
  Time since last request: 0.058655 seconds.
  path: Assets/VirtualReality/Scripts/Teleporter.cs
  artifactKey: Guid(41d98f49cc4a64c4a8905435f181eceb) Importer(815301076,1909f56bfc062723c751e8b465ee728b)
Start importing Assets/VirtualReality/Scripts/Teleporter.cs using Guid(41d98f49cc4a64c4a8905435f181eceb) Importer(815301076,1909f56bfc062723c751e8b465ee728b)  -> (artifact id: '75a290be6c9a0ce4e8fc168c64ea2f28') in 0.001840 seconds
  Import took 0.004737 seconds .

========================================================================
Received Prepare
Registering precompiled user dll's ...
Registered in 0.001574 seconds.
Begin MonoManager ReloadAssembly
Native extension for WindowsStandalone target not found
Refreshing native plugins compatible for Editor in 0.38 ms, found 3 plugins.
Preloading 0 native plugins for Editor in 0.00 ms.
Warning: Annotation not found!
UnityEngine.StackTraceUtility:ExtractStackTrace ()
UnityEditor.ProBuilder.EditorUtility:SetGizmoIconEnabled (System.Type,bool) (at Library/PackageCache/com.unity.probuilder@4.4.0/Editor/EditorCore/EditorUtility.cs:593)
UnityEditor.ProBuilder.HierarchyListener:.cctor () (at Library/PackageCache/com.unity.probuilder@4.4.0/Editor/EditorCore/HierarchyListener.cs:21)
System.Runtime.CompilerServices.RuntimeHelpers:RunClassConstructor (System.RuntimeTypeHandle)
UnityEditor.EditorAssemblies:ProcessInitializeOnLoadAttributes (System.Type[])

[Library/PackageCache/com.unity.probuilder@4.4.0/Editor/EditorCore/EditorUtility.cs line 593]

Invoked RoslynAnalysisRunner static constructor.
RoslynAnalysisRunner will not be running.
RoslynAnalysisRunner has terminated.
Mono: successfully reloaded assembly
- Completed reload, in  0.665 seconds
Platform modules already initialized, skipping
Refreshing native plugins compatible for Editor in 0.37 ms, found 3 plugins.
Preloading 0 native plugins for Editor in 0.00 ms.
Unloading 1737 Unused Serialized files (Serialized files now loaded: 0)
System memory in use before: 82.8 MB.
System memory in use after: 82.9 MB.

Unloading 8 unused Assets to reduce memory usage. Loaded Objects now: 2263.
Total: 2.095900 ms (FindLiveObjects: 0.181700 ms CreateObjectMapping: 0.069900 ms MarkObjects: 1.756700 ms  DeleteObjects: 0.086900 ms)

========================================================================
Received Import Request.
  Time since last request: 94.427448 seconds.
  path: Assets/VirtualReality/Scripts/Teleporter.cs
  artifactKey: Guid(41d98f49cc4a64c4a8905435f181eceb) Importer(815301076,1909f56bfc062723c751e8b465ee728b)
Start importing Assets/VirtualReality/Scripts/Teleporter.cs using Guid(41d98f49cc4a64c4a8905435f181eceb) Importer(815301076,1909f56bfc062723c751e8b465ee728b)  -> (artifact id: 'ed19c059eacd68254b035e955b3028cf') in 0.006727 seconds
  Import took 0.009090 seconds .

========================================================================
Received Import Request.
  Time since last request: 0.021967 seconds.
  path: Assets/VirtualReality/Scripts/Teleporter.cs
  artifactKey: Guid(41d98f49cc4a64c4a8905435f181eceb) Importer(815301076,1909f56bfc062723c751e8b465ee728b)
Start importing Assets/VirtualReality/Scripts/Teleporter.cs using Guid(41d98f49cc4a64c4a8905435f181eceb) Importer(815301076,1909f56bfc062723c751e8b465ee728b)  -> (artifact id: 'ed19c059eacd68254b035e955b3028cf') in 0.001666 seconds
  Import took 0.004415 seconds .

========================================================================
Received Import Request.
  Time since last request: 4.198737 seconds.
  path: Assets/VirtualReality/Scripts/Teleporter.cs
  artifactKey: Guid(41d98f49cc4a64c4a8905435f181eceb) Importer(815301076,1909f56bfc062723c751e8b465ee728b)
Start importing Assets/VirtualReality/Scripts/Teleporter.cs using Guid(41d98f49cc4a64c4a8905435f181eceb) Importer(815301076,1909f56bfc062723c751e8b465ee728b)  -> (artifact id: 'e01cf2a8018dbccaae9440b1fe4439be') in 0.001920 seconds
  Import took 0.004258 seconds .

========================================================================
Received Prepare
Registering precompiled user dll's ...
Registered in 0.002995 seconds.
Begin MonoManager ReloadAssembly
Native extension for WindowsStandalone target not found
Refreshing native plugins compatible for Editor in 0.40 ms, found 3 plugins.
Preloading 0 native plugins for Editor in 0.00 ms.
Warning: Annotation not found!
UnityEngine.StackTraceUtility:ExtractStackTrace ()
UnityEditor.ProBuilder.EditorUtility:SetGizmoIconEnabled (System.Type,bool) (at Library/PackageCache/com.unity.probuilder@4.4.0/Editor/EditorCore/EditorUtility.cs:593)
UnityEditor.ProBuilder.HierarchyListener:.cctor () (at Library/PackageCache/com.unity.probuilder@4.4.0/Editor/EditorCore/HierarchyListener.cs:21)
System.Runtime.CompilerServices.RuntimeHelpers:RunClassConstructor (System.RuntimeTypeHandle)
UnityEditor.EditorAssemblies:ProcessInitializeOnLoadAttributes (System.Type[])

[Library/PackageCache/com.unity.probuilder@4.4.0/Editor/EditorCore/EditorUtility.cs line 593]

Invoked RoslynAnalysisRunner static constructor.
RoslynAnalysisRunner will not be running.
RoslynAnalysisRunner has terminated.
Mono: successfully reloaded assembly
- Completed reload, in  0.653 seconds
Platform modules already initialized, skipping
Refreshing native plugins compatible for Editor in 0.38 ms, found 3 plugins.
Preloading 0 native plugins for Editor in 0.00 ms.
Unloading 1737 Unused Serialized files (Serialized files now loaded: 0)
System memory in use before: 83.1 MB.
System memory in use after: 83.1 MB.

Unloading 8 unused Assets to reduce memory usage. Loaded Objects now: 2266.
Total: 1.855200 ms (FindLiveObjects: 0.170400 ms CreateObjectMapping: 0.056500 ms MarkObjects: 1.575400 ms  DeleteObjects: 0.052300 ms)

========================================================================
Received Import Request.
  Time since last request: 26.838473 seconds.
  path: Assets/VirtualReality/Scripts/Teleporter.cs
  artifactKey: Guid(41d98f49cc4a64c4a8905435f181eceb) Importer(815301076,1909f56bfc062723c751e8b465ee728b)
Start importing Assets/VirtualReality/Scripts/Teleporter.cs using Guid(41d98f49cc4a64c4a8905435f181eceb) Importer(815301076,1909f56bfc062723c751e8b465ee728b)  -> (artifact id: '584bcd5d55b5dd0a9b628a7195fa36cd') in 0.008083 seconds
  Import took 0.010500 seconds .

========================================================================
Received Prepare
Registering precompiled user dll's ...
Registered in 0.001535 seconds.
Begin MonoManager ReloadAssembly
Native extension for WindowsStandalone target not found
Refreshing native plugins compatible for Editor in 0.39 ms, found 3 plugins.
Preloading 0 native plugins for Editor in 0.00 ms.
Warning: Annotation not found!
UnityEngine.StackTraceUtility:ExtractStackTrace ()
UnityEditor.ProBuilder.EditorUtility:SetGizmoIconEnabled (System.Type,bool) (at Library/PackageCache/com.unity.probuilder@4.4.0/Editor/EditorCore/EditorUtility.cs:593)
UnityEditor.ProBuilder.HierarchyListener:.cctor () (at Library/PackageCache/com.unity.probuilder@4.4.0/Editor/EditorCore/HierarchyListener.cs:21)
System.Runtime.CompilerServices.RuntimeHelpers:RunClassConstructor (System.RuntimeTypeHandle)
UnityEditor.EditorAssemblies:ProcessInitializeOnLoadAttributes (System.Type[])

[Library/PackageCache/com.unity.probuilder@4.4.0/Editor/EditorCore/EditorUtility.cs line 593]

Invoked RoslynAnalysisRunner static constructor.
RoslynAnalysisRunner will not be running.
RoslynAnalysisRunner has terminated.
Mono: successfully reloaded assembly
- Completed reload, in  0.654 seconds
Platform modules already initialized, skipping
Refreshing native plugins compatible for Editor in 0.38 ms, found 3 plugins.
Preloading 0 native plugins for Editor in 0.00 ms.
Unloading 1737 Unused Serialized files (Serialized files now loaded: 0)
System memory in use before: 83.3 MB.
System memory in use after: 83.4 MB.

Unloading 8 unused Assets to reduce memory usage. Loaded Objects now: 2269.
Total: 2.045100 ms (FindLiveObjects: 0.148900 ms CreateObjectMapping: 0.056300 ms MarkObjects: 1.792900 ms  DeleteObjects: 0.046200 ms)

========================================================================
Received Import Request.
  Time since last request: 141.376032 seconds.
  path: Assets/VirtualReality/Scripts/Teleporter.cs
  artifactKey: Guid(41d98f49cc4a64c4a8905435f181eceb) Importer(815301076,1909f56bfc062723c751e8b465ee728b)
Start importing Assets/VirtualReality/Scripts/Teleporter.cs using Guid(41d98f49cc4a64c4a8905435f181eceb) Importer(815301076,1909f56bfc062723c751e8b465ee728b)  -> (artifact id: '83ecf9b26d1842585285fc67ba61b04f') in 0.007211 seconds
  Import took 0.009668 seconds .

========================================================================
Received Prepare
Registering precompiled user dll's ...
Registered in 0.001626 seconds.
Begin MonoManager ReloadAssembly
Native extension for WindowsStandalone target not found
Refreshing native plugins compatible for Editor in 0.38 ms, found 3 plugins.
Preloading 0 native plugins for Editor in 0.00 ms.
Warning: Annotation not found!
UnityEngine.StackTraceUtility:ExtractStackTrace ()
UnityEditor.ProBuilder.EditorUtility:SetGizmoIconEnabled (System.Type,bool) (at Library/PackageCache/com.unity.probuilder@4.4.0/Editor/EditorCore/EditorUtility.cs:593)
UnityEditor.ProBuilder.HierarchyListener:.cctor () (at Library/PackageCache/com.unity.probuilder@4.4.0/Editor/EditorCore/HierarchyListener.cs:21)
System.Runtime.CompilerServices.RuntimeHelpers:RunClassConstructor (System.RuntimeTypeHandle)
UnityEditor.EditorAssemblies:ProcessInitializeOnLoadAttributes (System.Type[])

[Library/PackageCache/com.unity.probuilder@4.4.0/Editor/EditorCore/EditorUtility.cs line 593]

Invoked RoslynAnalysisRunner static constructor.
RoslynAnalysisRunner will not be running.
RoslynAnalysisRunner has terminated.
Mono: successfully reloaded assembly
- Completed reload, in  0.654 seconds
Platform modules already initialized, skipping
Refreshing native plugins compatible for Editor in 0.38 ms, found 3 plugins.
Preloading 0 native plugins for Editor in 0.00 ms.
Unloading 1737 Unused Serialized files (Serialized files now loaded: 0)
System memory in use before: 83.5 MB.
System memory in use after: 83.6 MB.

Unloading 8 unused Assets to reduce memory usage. Loaded Objects now: 2272.
Total: 1.767900 ms (FindLiveObjects: 0.167400 ms CreateObjectMapping: 0.052500 ms MarkObjects: 1.500500 ms  DeleteObjects: 0.046800 ms)

========================================================================
Received Prepare
Registering precompiled user dll's ...
Registered in 0.001529 seconds.
Begin MonoManager ReloadAssembly
Native extension for WindowsStandalone target not found
Refreshing native plugins compatible for Editor in 0.38 ms, found 3 plugins.
Preloading 0 native plugins for Editor in 0.00 ms.
Warning: Annotation not found!
UnityEngine.StackTraceUtility:ExtractStackTrace ()
UnityEditor.ProBuilder.EditorUtility:SetGizmoIconEnabled (System.Type,bool) (at Library/PackageCache/com.unity.probuilder@4.4.0/Editor/EditorCore/EditorUtility.cs:593)
UnityEditor.ProBuilder.HierarchyListener:.cctor () (at Library/PackageCache/com.unity.probuilder@4.4.0/Editor/EditorCore/HierarchyListener.cs:21)
System.Runtime.CompilerServices.RuntimeHelpers:RunClassConstructor (System.RuntimeTypeHandle)
UnityEditor.EditorAssemblies:ProcessInitializeOnLoadAttributes (System.Type[])

[Library/PackageCache/com.unity.probuilder@4.4.0/Editor/EditorCore/EditorUtility.cs line 593]

Invoked RoslynAnalysisRunner static constructor.
RoslynAnalysisRunner will not be running.
RoslynAnalysisRunner has terminated.
Mono: successfully reloaded assembly
- Completed reload, in  0.723 seconds
Platform modules already initialized, skipping
Refreshing native plugins compatible for Editor in 0.39 ms, found 3 plugins.
Preloading 0 native plugins for Editor in 0.00 ms.
Unloading 1737 Unused Serialized files (Serialized files now loaded: 0)
System memory in use before: 82.8 MB.
System memory in use after: 82.9 MB.

Unloading 8 unused Assets to reduce memory usage. Loaded Objects now: 2275.
Total: 2.008400 ms (FindLiveObjects: 0.152700 ms CreateObjectMapping: 0.053600 ms MarkObjects: 1.744600 ms  DeleteObjects: 0.056300 ms)

AssetImportWorkerClient::OnTransportError - code=2 error=End of file
